<?xml version="1.0" encoding="UTF-8"?>
<testsuite name="CrawlerTest" tests="1" skipped="1" failures="0" errors="0" timestamp="2019-09-24T05:37:20" hostname="danhi7" time="72.124">
  <properties/>
  <testcase name="TestRun" classname="CrawlerTest" time="72.124">
    <skipped/>
  </testcase>
  <system-out><![CDATA[]]></system-out>
  <system-err><![CDATA[]]></system-err>
</testsuite>
