<?xml version="1.0" encoding="UTF-8"?>
<testsuite name="CrawlerTest" tests="1" skipped="1" failures="0" errors="0" timestamp="2019-09-25T05:17:22" hostname="Danhs-MacBook-Air-2.local" time="104.817">
  <properties/>
  <testcase name="TestRun" classname="CrawlerTest" time="104.817">
    <skipped/>
  </testcase>
  <system-out><![CDATA[]]></system-out>
  <system-err><![CDATA[SLF4J: Failed to load class "org.slf4j.impl.StaticLoggerBinder".
SLF4J: Defaulting to no-operation (NOP) logger implementation
SLF4J: See http://www.slf4j.org/codes.html#StaticLoggerBinder for further details.
]]></system-err>
</testsuite>
