<?xml version="1.0" encoding="UTF-8"?>
<testsuite name="CrawlerTest" tests="1" skipped="1" failures="0" errors="0" timestamp="2019-09-24T04:43:47" hostname="danhi7" time="1705.254">
  <properties/>
  <testcase name="TestRun" classname="CrawlerTest" time="1705.254">
    <skipped/>
  </testcase>
  <system-out><![CDATA[]]></system-out>
  <system-err><![CDATA[SLF4J: Failed to load class "org.slf4j.impl.StaticLoggerBinder".
SLF4J: Defaulting to no-operation (NOP) logger implementation
SLF4J: See http://www.slf4j.org/codes.html#StaticLoggerBinder for further details.
]]></system-err>
</testsuite>
